I, [2020-09-28T17:38:44.178075 #55439]  INFO -- : Registered expected interaction GET /balance/1
D, [2020-09-28T17:38:44.178590 #55439] DEBUG -- : {
  "description": "a request for account",
  "providerState": "one client with your account",
  "request": {
    "method": "GET",
    "path": "/balance/1"
  },
  "response": {
    "status": 200,
    "headers": {
      "Content-Type": "application/json; charset=utf-8"
    },
    "body": {
      "clientID": {
        "json_class": "Pact::SomethingLike",
        "contents": 13.01
      },
      "fantasyName": {
        "json_class": "Pact::SomethingLike",
        "contents": "iloveorange"
      },
      "balance": {
        "json_class": "Pact::SomethingLike",
        "contents": 13.01
      }
    }
  },
  "metadata": null
}
I, [2020-09-28T17:38:44.182196 #55439]  INFO -- : Received request GET /balance/1
D, [2020-09-28T17:38:44.182355 #55439] DEBUG -- : {
  "path": "/balance/1",
  "query": "",
  "method": "get",
  "headers": {
    "Accept": "application/json, text/plain, */*",
    "User-Agent": "axios/0.19.2",
    "Host": "127.0.0.1:1234",
    "Connection": "close",
    "Version": "HTTP/1.1"
  }
}
I, [2020-09-28T17:38:44.182667 #55439]  INFO -- : Found matching response for GET /balance/1
D, [2020-09-28T17:38:44.182881 #55439] DEBUG -- : {
  "status": 200,
  "headers": {
    "Content-Type": "application/json; charset=utf-8"
  },
  "body": {
    "clientID": {
      "json_class": "Pact::SomethingLike",
      "contents": 13.01
    },
    "fantasyName": {
      "json_class": "Pact::SomethingLike",
      "contents": "iloveorange"
    },
    "balance": {
      "json_class": "Pact::SomethingLike",
      "contents": 13.01
    }
  }
}
I, [2020-09-28T17:38:44.187875 #55439]  INFO -- : Verifying - interactions matched
I, [2020-09-28T17:38:44.191905 #55439]  INFO -- : Cleared interactions
I, [2020-09-28T17:38:44.196441 #55439]  INFO -- : Writing pact for AccountApi to /home/iann/dev/projects/pact-framework-examples/example/node/two_consumers_one_provider/legal-person-client/pacts/legalpersonclient-accountapi.json
