I, [2020-09-28T17:38:29.434277 #54835]  INFO -- : Registered expected interaction GET /balance/1
D, [2020-09-28T17:38:29.435071 #54835] DEBUG -- : {
  "description": "a request for account",
  "providerState": "one client with your account",
  "request": {
    "method": "GET",
    "path": "/balance/1"
  },
  "response": {
    "status": 200,
    "headers": {
      "Content-Type": "application/json; charset=utf-8"
    },
    "body": {
      "clientID": {
        "json_class": "Pact::SomethingLike",
        "contents": 13.01
      },
      "balance": {
        "json_class": "Pact::SomethingLike",
        "contents": 13.01
      },
      "name": {
        "json_class": "Pact::SomethingLike",
        "contents": "iloveorange"
      }
    }
  },
  "metadata": null
}
I, [2020-09-28T17:38:29.439707 #54835]  INFO -- : Received request GET /balance/1
D, [2020-09-28T17:38:29.439924 #54835] DEBUG -- : {
  "path": "/balance/1",
  "query": "",
  "method": "get",
  "headers": {
    "Accept": "application/json, text/plain, */*",
    "User-Agent": "axios/0.19.2",
    "Host": "127.0.0.1:1234",
    "Connection": "close",
    "Version": "HTTP/1.1"
  }
}
I, [2020-09-28T17:38:29.440328 #54835]  INFO -- : Found matching response for GET /balance/1
D, [2020-09-28T17:38:29.440555 #54835] DEBUG -- : {
  "status": 200,
  "headers": {
    "Content-Type": "application/json; charset=utf-8"
  },
  "body": {
    "clientID": {
      "json_class": "Pact::SomethingLike",
      "contents": 13.01
    },
    "balance": {
      "json_class": "Pact::SomethingLike",
      "contents": 13.01
    },
    "name": {
      "json_class": "Pact::SomethingLike",
      "contents": "iloveorange"
    }
  }
}
I, [2020-09-28T17:38:29.446612 #54835]  INFO -- : Verifying - interactions matched
I, [2020-09-28T17:38:29.452087 #54835]  INFO -- : Cleared interactions
I, [2020-09-28T17:38:29.458907 #54835]  INFO -- : Writing pact for AccountApi to /home/iann/dev/projects/pact-framework-examples/example/node/two_consumers_one_provider/common-person-client/pacts/commonpersonclient-accountapi.json
