I, [2020-09-21T17:13:10.127478 #25455]  INFO -- : Registered expected interaction GET /balance/1
D, [2020-09-21T17:13:10.128460 #25455] DEBUG -- : {
  "description": "a request for account",
  "providerState": "one client with your account",
  "request": {
    "method": "GET",
    "path": "/balance/1"
  },
  "response": {
    "status": 200,
    "headers": {
      "Content-Type": "application/json; charset=utf-8"
    },
    "body": {
      "clientID": {
        "json_class": "Pact::SomethingLike",
        "contents": 13
      },
      "accountID": {
        "json_class": "Pact::SomethingLike",
        "contents": 13
      },
      "balance": {
        "json_class": "Pact::SomethingLike",
        "contents": 13.01
      }
    }
  },
  "metadata": null
}
I, [2020-09-21T17:13:10.133186 #25455]  INFO -- : Received request GET /balance/1
D, [2020-09-21T17:13:10.133632 #25455] DEBUG -- : {
  "path": "/balance/1",
  "query": "",
  "method": "get",
  "headers": {
    "Accept": "application/json, text/plain, */*",
    "User-Agent": "axios/0.19.2",
    "Host": "127.0.0.1:1234",
    "Connection": "close",
    "Version": "HTTP/1.1"
  }
}
I, [2020-09-21T17:13:10.134421 #25455]  INFO -- : Found matching response for GET /balance/1
D, [2020-09-21T17:13:10.134756 #25455] DEBUG -- : {
  "status": 200,
  "headers": {
    "Content-Type": "application/json; charset=utf-8"
  },
  "body": {
    "clientID": {
      "json_class": "Pact::SomethingLike",
      "contents": 13
    },
    "accountID": {
      "json_class": "Pact::SomethingLike",
      "contents": 13
    },
    "balance": {
      "json_class": "Pact::SomethingLike",
      "contents": 13.01
    }
  }
}
I, [2020-09-21T17:13:10.141677 #25455]  INFO -- : Verifying - interactions matched
I, [2020-09-21T17:13:10.148793 #25455]  INFO -- : Cleared interactions
I, [2020-09-21T17:13:10.156616 #25455]  INFO -- : Writing pact for AccountApi to /home/iann/dev/projects/pact-framework-examples/example/node/one_consumer_one_provider/client-api/pacts/clientapi-accountapi.json
