I, [2020-08-12T08:49:51.977987 #17997]  INFO -- : Registered expected interaction GET /balance/1
D, [2020-08-12T08:49:51.978315 #17997] DEBUG -- : {
  "description": "a request for account",
  "providerState": "one client with your account",
  "request": {
    "method": "GET",
    "path": "/balance/1"
  },
  "response": {
    "status": 200,
    "headers": {
      "Content-Type": "application/json; charset=utf-8"
    },
    "body": {
      "clientID": 1,
      "accountID": 10,
      "balance": 100
    }
  },
  "metadata": null
}
I, [2020-08-12T08:49:51.980770 #17997]  INFO -- : Received request GET /balance/1
D, [2020-08-12T08:49:51.981033 #17997] DEBUG -- : {
  "path": "/balance/1",
  "query": "",
  "method": "get",
  "headers": {
    "Accept": "application/json, text/plain, */*",
    "User-Agent": "axios/0.19.2",
    "Host": "127.0.0.1:1234",
    "Connection": "close",
    "Version": "HTTP/1.1"
  }
}
I, [2020-08-12T08:49:51.981314 #17997]  INFO -- : Found matching response for GET /balance/1
D, [2020-08-12T08:49:51.981417 #17997] DEBUG -- : {
  "status": 200,
  "headers": {
    "Content-Type": "application/json; charset=utf-8"
  },
  "body": {
    "clientID": 1,
    "accountID": 10,
    "balance": 100
  }
}
I, [2020-08-12T08:49:51.989328 #17997]  INFO -- : Verifying - interactions matched
I, [2020-08-12T08:49:51.993789 #17997]  INFO -- : Cleared interactions
I, [2020-08-12T08:49:51.999955 #17997]  INFO -- : Writing pact for AccountApi to /home/iann/dev/projects/dtp-pact-examples/example/node/two_consumer_one_producer/legal-person-client/pacts/legalpersonclient-accountapi.json
