I, [2020-09-24T15:50:47.012973 #181875]  INFO -- : Registered expected interaction GET /prime/1
D, [2020-09-24T15:50:47.013448 #181875] DEBUG -- : {
  "description": "a request for account",
  "providerState": "one client with your account",
  "request": {
    "method": "GET",
    "path": "/prime/1"
  },
  "response": {
    "status": 200,
    "headers": {
      "Content-Type": "application/json; charset=utf-8"
    },
    "body": {
      "isPrime": {
        "json_class": "Pact::SomethingLike",
        "contents": true
      },
      "discountPercentageFee": {
        "json_class": "Pact::SomethingLike",
        "contents": 13.01
      }
    }
  },
  "metadata": null
}
I, [2020-09-24T15:50:47.016361 #181875]  INFO -- : Received request GET /prime/1
D, [2020-09-24T15:50:47.016588 #181875] DEBUG -- : {
  "path": "/prime/1",
  "query": "",
  "method": "get",
  "headers": {
    "Accept": "application/json, text/plain, */*",
    "User-Agent": "axios/0.19.2",
    "Host": "127.0.0.1:4321",
    "Connection": "close",
    "Version": "HTTP/1.1"
  }
}
I, [2020-09-24T15:50:47.017311 #181875]  INFO -- : Found matching response for GET /prime/1
D, [2020-09-24T15:50:47.017583 #181875] DEBUG -- : {
  "status": 200,
  "headers": {
    "Content-Type": "application/json; charset=utf-8"
  },
  "body": {
    "isPrime": {
      "json_class": "Pact::SomethingLike",
      "contents": true
    },
    "discountPercentageFee": {
      "json_class": "Pact::SomethingLike",
      "contents": 13.01
    }
  }
}
I, [2020-09-24T15:50:47.021644 #181875]  INFO -- : Verifying - interactions matched
I, [2020-09-24T15:50:47.025434 #181875]  INFO -- : Cleared interactions
I, [2020-09-24T15:50:47.029690 #181875]  INFO -- : Writing pact for PrimeAccountDetailsApi to /home/iann/dev/projects/pact-framework-examples/example/node/one_consumer_two_providers/client-api/pacts/clientapi-primeaccountdetailsapi.json
