I, [2020-09-15T18:51:59.137359 #25925]  INFO -- : Registered expected interaction POST /grpc/sample.product.ProductEndPoint/findById
D, [2020-09-15T18:51:59.137979 #25925] DEBUG -- : {
  "description": "sample.product.ProductEndPoint/findById",
  "providerState": "default state",
  "request": {
    "method": "POST",
    "path": "/grpc/sample.product.ProductEndPoint/findById",
    "body": "\"1\""
  },
  "response": {
    "status": 200,
    "headers": {
      "Content-Type": "application/json; charset=utf-8"
    },
    "body": {
      "id": {
        "json_class": "Pact::SomethingLike",
        "contents": 13
      },
      "name": {
        "json_class": "Pact::SomethingLike",
        "contents": "iloveorange"
      }
    }
  },
  "metadata": null
}
W, [2020-09-15T18:51:59.141825 #25925]  WARN -- : Verifying - actual interactions do not match expected interactions. 
Missing requests:
	POST /grpc/sample.product.ProductEndPoint/findById


W, [2020-09-15T18:51:59.141942 #25925]  WARN -- : Missing requests:
	POST /grpc/sample.product.ProductEndPoint/findById


I, [2020-09-15T18:51:59.165190 #25925]  INFO -- : Cleared interactions
